<?xml version="1.0" encoding="UTF-8"?>
<testsuite name="com.caremonitor.model.CaregiverTest" tests="4" skipped="0" failures="0" errors="0" timestamp="2025-06-07T05:51:00.191Z" hostname="LAPTOP-JVCOBRFH" time="0.016">
  <properties/>
  <testcase name="testPatientManagement()" classname="com.caremonitor.model.CaregiverTest" time="0.001"/>
  <testcase name="testToString()" classname="com.caremonitor.model.CaregiverTest" time="0.01"/>
  <testcase name="testSettersAndGetters()" classname="com.caremonitor.model.CaregiverTest" time="0.002"/>
  <testcase name="testCaregiverConstructorWithParameters()" classname="com.caremonitor.model.CaregiverTest" time="0.0"/>
  <system-out><![CDATA[]]></system-out>
  <system-err><![CDATA[]]></system-err>
</testsuite>
