<?xml version="1.0" encoding="UTF-8"?>
<testsuite name="com.caremonitor.model.FamilyTest" tests="4" skipped="0" failures="0" errors="0" timestamp="2025-06-07T05:51:00.217Z" hostname="LAPTOP-JVCOBRFH" time="0.002">
  <properties/>
  <testcase name="testToString()" classname="com.caremonitor.model.FamilyTest" time="0.0"/>
  <testcase name="testSettersAndGetters()" classname="com.caremonitor.model.FamilyTest" time="0.0"/>
  <testcase name="testFamilyConstructorWithParameters()" classname="com.caremonitor.model.FamilyTest" time="0.0"/>
  <testcase name="testPatientAssignment()" classname="com.caremonitor.model.FamilyTest" time="0.0"/>
  <system-out><![CDATA[]]></system-out>
  <system-err><![CDATA[]]></system-err>
</testsuite>
