<?xml version="1.0" encoding="UTF-8"?>
<testsuite name="com.caremonitor.simulation.IoTDeviceSimulatorTest" tests="12" skipped="0" failures="0" errors="0" timestamp="2025-06-07T05:51:00.234Z" hostname="LAPTOP-JVCOBRFH" time="135.31">
  <properties/>
  <testcase name="testConcurrentDataGeneration()" classname="com.caremonitor.simulation.IoTDeviceSimulatorTest" time="30.019"/>
  <testcase name="testSimulatorInitialization()" classname="com.caremonitor.simulation.IoTDeviceSimulatorTest" time="0.003"/>
  <testcase name="testDataValidation()" classname="com.caremonitor.simulation.IoTDeviceSimulatorTest" time="5.006"/>
  <testcase name="testDataListenerManagement()" classname="com.caremonitor.simulation.IoTDeviceSimulatorTest" time="0.001"/>
  <testcase name="testSimulatorWithEmptyPatientList()" classname="com.caremonitor.simulation.IoTDeviceSimulatorTest" time="0.001"/>
  <testcase name="testDataGeneration()" classname="com.caremonitor.simulation.IoTDeviceSimulatorTest" time="20.012"/>
  <testcase name="testSimulatorWithSinglePatient()" classname="com.caremonitor.simulation.IoTDeviceSimulatorTest" time="30.007"/>
  <testcase name="testStartAndStop()" classname="com.caremonitor.simulation.IoTDeviceSimulatorTest" time="0.213"/>
  <testcase name="testMultipleDataGeneration()" classname="com.caremonitor.simulation.IoTDeviceSimulatorTest" time="20.026"/>
  <testcase name="testDataListenerExceptionHandling()" classname="com.caremonitor.simulation.IoTDeviceSimulatorTest" time="30.01"/>
  <testcase name="testGetLatestData()" classname="com.caremonitor.simulation.IoTDeviceSimulatorTest" time="0.003"/>
  <testcase name="testGetLatestDataConsistency()" classname="com.caremonitor.simulation.IoTDeviceSimulatorTest" time="0.001"/>
  <system-out><![CDATA[]]></system-out>
  <system-err><![CDATA[]]></system-err>
</testsuite>
